[0m09:23:05.872294 [debug] [MainThread]: Sending event: {'category': 'dbt', 'action': 'invocation', 'label': 'start', 'context': [<snowplow_tracker.self_describing_json.SelfDescribingJson object at 0x000001E9738A1BE0>, <snowplow_tracker.self_describing_json.SelfDescribingJson object at 0x000001E976364C10>, <snowplow_tracker.self_describing_json.SelfDescribingJson object at 0x000001E976364E50>]}


============================== 09:23:05.934787 | 57d0bebb-01dc-47d9-805d-af37a9fc6c4d ==============================
[0m09:23:05.934787 [info ] [MainThread]: Running with dbt=1.8.6
[0m09:23:05.934787 [debug] [MainThread]: running dbt with arguments {'printer_width': '80', 'indirect_selection': 'eager', 'write_json': 'True', 'log_cache_events': 'False', 'partial_parse': 'True', 'cache_selected_only': 'False', 'profiles_dir': 'C:\\Users\\hp\\.dbt', 'debug': 'False', 'warn_error': 'None', 'log_path': 'logs', 'version_check': 'True', 'fail_fast': 'False', 'use_colors': 'True', 'use_experimental_parser': 'False', 'no_print': 'None', 'quiet': 'False', 'empty': 'None', 'log_format': 'default', 'invocation_command': 'dbt init superside_hr', 'introspect': 'True', 'warn_error_options': 'WarnErrorOptions(include=[], exclude=[])', 'target_path': 'None', 'static_parser': 'True', 'send_anonymous_usage_stats': 'True'}
[0m09:23:06.744925 [debug] [MainThread]: Starter project path: C:\Users\hp\anaconda3\lib\site-packages\dbt\include\starter_project
[0m09:23:06.899964 [info ] [MainThread]: 
Your new dbt project "superside_hr" was created!

For more information on how to configure the profiles.yml file,
please consult the dbt documentation here:

  https://docs.getdbt.com/docs/configure-your-profile

One more thing:

Need help? Don't hesitate to reach out to us via GitHub issues or on Slack:

  https://community.getdbt.com/

Happy modeling!

[0m09:23:06.903980 [info ] [MainThread]: Setting up your profile.
[0m10:11:24.721392 [info ] [MainThread]: Profile superside_hr written to C:\Users\hp\.dbt\profiles.yml using target's profile_template.yml and your supplied values. Run 'dbt debug' to validate the connection.
[0m10:11:24.741135 [debug] [MainThread]: Command `dbt init` succeeded at 10:11:24.740253 after 2899.01 seconds
[0m10:11:24.743135 [debug] [MainThread]: Sending event: {'category': 'dbt', 'action': 'invocation', 'label': 'end', 'context': [<snowplow_tracker.self_describing_json.SelfDescribingJson object at 0x000001E9738A1BE0>, <snowplow_tracker.self_describing_json.SelfDescribingJson object at 0x000001E976339130>, <snowplow_tracker.self_describing_json.SelfDescribingJson object at 0x000001E976328A30>]}
[0m10:11:24.746674 [debug] [MainThread]: Flushing usage events
[0m10:11:47.301985 [debug] [MainThread]: Sending event: {'category': 'dbt', 'action': 'invocation', 'label': 'start', 'context': [<snowplow_tracker.self_describing_json.SelfDescribingJson object at 0x000001AD07431C40>, <snowplow_tracker.self_describing_json.SelfDescribingJson object at 0x000001AD07DB93D0>, <snowplow_tracker.self_describing_json.SelfDescribingJson object at 0x000001AD070F5E50>]}


============================== 10:11:47.301985 | 380b65ae-6a13-477e-9c53-32286d7c2332 ==============================
[0m10:11:47.301985 [info ] [MainThread]: Running with dbt=1.8.6
[0m10:11:47.301985 [debug] [MainThread]: running dbt with arguments {'printer_width': '80', 'indirect_selection': 'eager', 'write_json': 'True', 'log_cache_events': 'False', 'partial_parse': 'True', 'cache_selected_only': 'False', 'profiles_dir': 'C:\\Users\\hp\\.dbt', 'fail_fast': 'False', 'version_check': 'True', 'log_path': 'logs', 'warn_error': 'None', 'debug': 'False', 'use_colors': 'True', 'use_experimental_parser': 'False', 'no_print': 'None', 'quiet': 'False', 'empty': 'None', 'warn_error_options': 'WarnErrorOptions(include=[], exclude=[])', 'invocation_command': 'dbt debug', 'static_parser': 'True', 'log_format': 'default', 'target_path': 'None', 'introspect': 'True', 'send_anonymous_usage_stats': 'True'}
[0m10:11:47.463035 [info ] [MainThread]: dbt version: 1.8.6
[0m10:11:47.465034 [info ] [MainThread]: python version: 3.9.19
[0m10:11:47.467035 [info ] [MainThread]: python path: C:\Users\hp\anaconda3\python.exe
[0m10:11:47.468032 [info ] [MainThread]: os info: Windows-10-10.0.19045-SP0
[0m10:11:50.638163 [info ] [MainThread]: Using profiles dir at C:\Users\hp\.dbt
[0m10:11:50.638163 [info ] [MainThread]: Using profiles.yml file at C:\Users\hp\.dbt\profiles.yml
[0m10:11:50.638163 [info ] [MainThread]: Using dbt_project.yml file at C:\Users\hp\Desktop\Superside_HR_Manager\dbt_project.yml
[0m10:11:50.638163 [error] [MainThread]: Encountered an error:
Internal Error
  Profile should not be None if loading profile completed
[0m10:11:50.654933 [debug] [MainThread]: Command `dbt debug` failed at 10:11:50.654933 after 3.50 seconds
[0m10:11:50.655934 [debug] [MainThread]: Sending event: {'category': 'dbt', 'action': 'invocation', 'label': 'end', 'context': [<snowplow_tracker.self_describing_json.SelfDescribingJson object at 0x000001AD07431C40>, <snowplow_tracker.self_describing_json.SelfDescribingJson object at 0x000001AD09BD5A90>, <snowplow_tracker.self_describing_json.SelfDescribingJson object at 0x000001AD070F5C10>]}
[0m10:11:50.656932 [debug] [MainThread]: Flushing usage events
